<?xml version="1.0" encoding="UTF-8"?>
<!-- Generated by org.testng.reporters.JUnitReportReporter -->
<testsuite hostname="swaroop-HP-Notebook" failures="0" tests="1" name="testcases.findNewCarTest" time="15.825" errors="0" timestamp="04 Apr 2023 04:11:50 GMT" skipped="0">
  <testcase classname="testcases.findNewCarTest" name="findNewCarTest" time="15.825"/>
</testsuite> <!-- testcases.findNewCarTest -->
