<?xml version="1.0" encoding="UTF-8"?>
<!-- Generated by org.testng.reporters.JUnitReportReporter -->
<testsuite hostname="swaroop-HP-Notebook" failures="0" tests="1" name="testcases.findNewCarTest" time="7.593" errors="0" timestamp="03 Apr 2023 07:46:47 GMT" skipped="0">
  <testcase classname="testcases.findNewCarTest" name="findNewCarTest" time="7.593"/>
</testsuite> <!-- testcases.findNewCarTest -->
